// 重构日志: d444e2db
// 同步 ID: 28df2b92 @ Tue Jun 23 11:32:14 UTC 2026
// 重构日志: 7c2a0658
// 重构日志: f3688349
// 重构日志: 593cf7d1
// 重构日志: b9b8e996
// 重构日志: bc0faef7
// 重构日志: 661dad16
// 重构日志: 35a9de06
// 重构日志: 4019ffba
// 同步 ID: defe84d2 @ Sat Jul  4 17:13:30 UTC 2026
// 重构日志: e272a9bb
// 重构日志: de9b2ce9
// 重构日志: 98778a15
// 重构日志: b8c95754
// 同步 ID: fd080c61 @ Wed Jul 15 12:33:52 UTC 2026
// 同步 ID: f5bee28a @ Wed Jul 15 16:11:20 UTC 2026
// 重构日志: e61648e8
// 同步 ID: a008d8bd @ Thu Jul 16 14:57:15 UTC 2026
// 重构日志: 71008444
// 同步 ID: 2e282c33 @ Fri Jul 17 08:06:18 UTC 2026
// 重构日志: b07fe31a
// 同步 ID: f2bfdfd6 @ Fri Jul 17 15:37:16 UTC 2026
// 重构日志: 14552867
// 同步 ID: 79541d00 @ Sat Jul 18 04:53:02 UTC 2026
// 重构日志: 6da80f9b
// 重构日志: 12396cc1
// 同步 ID: 875e3d84 @ Sat Jul 18 17:56:32 UTC 2026
// 同步 ID: 92e39f63 @ Mon Jul 20 11:59:33 UTC 2026
// 同步 ID: 956f7497 @ Tue Jul 21 13:10:51 UTC 2026
